0 info it worked if it ends with ok
1 verbose cli [ '/usr/local/bin/node', '/usr/local/bin/npm', 'start' ]
2 info using npm@3.6.0
3 info using node@v5.0.0
4 verbose run-script [ 'prestart', 'start', 'poststart' ]
5 info lifecycle klemanpromos@0.1.0~prestart: klemanpromos@0.1.0
6 silly lifecycle klemanpromos@0.1.0~prestart: no script for prestart, continuing
7 info lifecycle klemanpromos@0.1.0~start: klemanpromos@0.1.0
8 verbose lifecycle klemanpromos@0.1.0~start: unsafe-perm in lifecycle true
9 verbose lifecycle klemanpromos@0.1.0~start: PATH: /usr/local/lib/node_modules/npm/bin/node-gyp-bin:/Users/Instajke/Desktop/Bernard-dreams/node_modules/.bin:/Users/Instajke/Documents/mongodb-osx-x86_64-3.0.7/bin:/usr/local/mysql/bin:/Users/Instajke/.rvm/gems/ruby-2.1.2/bin:/Users/Instajke/.rvm/gems/ruby-2.1.2@global/bin:/Users/Instajke/.rvm/rubies/ruby-2.1.2/bin:/usr/local/bin:/usr/bin:/bin:/usr/sbin:/sbin:/opt/X11/bin:/usr/local/share/dotnet:/usr/local/git/bin:/usr/local/MacGPG2/bin:/Users/Instajke/.rvm/bin
10 verbose lifecycle klemanpromos@0.1.0~start: CWD: /Users/Instajke/Desktop/Bernard-dreams
11 silly lifecycle klemanpromos@0.1.0~start: Args: [ '-c', 'node ./node_modules/gulp/bin/gulp.js' ]
12 silly lifecycle klemanpromos@0.1.0~start: Returned: code: 1  signal: null
13 info lifecycle klemanpromos@0.1.0~start: Failed to exec start script
14 verbose stack Error: klemanpromos@0.1.0 start: `node ./node_modules/gulp/bin/gulp.js`
14 verbose stack Exit status 1
14 verbose stack     at EventEmitter.<anonymous> (/usr/local/lib/node_modules/npm/lib/utils/lifecycle.js:232:16)
14 verbose stack     at emitTwo (events.js:87:13)
14 verbose stack     at EventEmitter.emit (events.js:172:7)
14 verbose stack     at ChildProcess.<anonymous> (/usr/local/lib/node_modules/npm/lib/utils/spawn.js:24:14)
14 verbose stack     at emitTwo (events.js:87:13)
14 verbose stack     at ChildProcess.emit (events.js:172:7)
14 verbose stack     at maybeClose (internal/child_process.js:818:16)
14 verbose stack     at Process.ChildProcess._handle.onexit (internal/child_process.js:211:5)
15 verbose pkgid klemanpromos@0.1.0
16 verbose cwd /Users/Instajke/Desktop/Bernard-dreams
17 error Darwin 16.1.0
18 error argv "/usr/local/bin/node" "/usr/local/bin/npm" "start"
19 error node v5.0.0
20 error npm  v3.6.0
21 error code ELIFECYCLE
22 error klemanpromos@0.1.0 start: `node ./node_modules/gulp/bin/gulp.js`
22 error Exit status 1
23 error Failed at the klemanpromos@0.1.0 start script 'node ./node_modules/gulp/bin/gulp.js'.
23 error Make sure you have the latest version of node.js and npm installed.
23 error If you do, this is most likely a problem with the klemanpromos package,
23 error not with npm itself.
23 error Tell the author that this fails on your system:
23 error     node ./node_modules/gulp/bin/gulp.js
23 error You can get information on how to open an issue for this project with:
23 error     npm bugs klemanpromos
23 error Or if that isn't available, you can get their info via:
23 error     npm owner ls klemanpromos
23 error There is likely additional logging output above.
24 verbose exit [ 1, true ]
